Using pre-set license
Built from '2020.3/release' branch; Version is '2020.3.7f1 (dd97f2c94397) revision 14522354'; Using compiler version '192528614'; Build Type 'Release'
OS: 'Windows 10 Pro; OS build 19042.1288; Version 2009; 64bit' Language: 'en' Physical Memory: 32693 MB
BatchMode: 1, IsHumanControllingUs: 0, StartBugReporterOnCrash: 0, Is64bit: 1, IsPro: 0

 COMMAND LINE ARGUMENTS:
C:\Program Files\Unity\Hub\Editor\2020.3.7f1\Editor\Unity.exe
-adb2
-batchMode
-noUpm
-name
AssetImportWorker0
-projectPath
C:/Users/lwils/Game Off 2021
-logFile
Logs/AssetImportWorker0.log
-srvPort
53557
Successfully changed project path to: C:/Users/lwils/Game Off 2021
C:/Users/lwils/Game Off 2021
Using Asset Import Pipeline V2.
Refreshing native plugins compatible for Editor in 41.33 ms, found 2 plugins.
Preloading 0 native plugins for Editor in 0.00 ms.
Initialize engine version: 2020.3.7f1 (dd97f2c94397)
[Subsystems] Discovering subsystems at path C:/Program Files/Unity/Hub/Editor/2020.3.7f1/Editor/Data/Resources/UnitySubsystems
[Subsystems] Discovering subsystems at path C:/Users/lwils/Game Off 2021/Assets
GfxDevice: creating device client; threaded=0
Direct3D:
    Version:  Direct3D 11.0 [level 11.1]
    Renderer: NVIDIA GeForce RTX 3060 Ti (ID=0x2486)
    Vendor:   
    VRAM:     8050 MB
    Driver:   30.0.14.7141
Initialize mono
Mono path[0] = 'C:/Program Files/Unity/Hub/Editor/2020.3.7f1/Editor/Data/Managed'
Mono path[1] = 'C:/Program Files/Unity/Hub/Editor/2020.3.7f1/Editor/Data/MonoBleedingEdge/lib/mono/unityjit'
Mono config path = 'C:/Program Files/Unity/Hub/Editor/2020.3.7f1/Editor/Data/MonoBleedingEdge/etc'
Using monoOptions --debugger-agent=transport=dt_socket,embedding=1,server=y,suspend=n,address=127.0.0.1:56512
Begin MonoManager ReloadAssembly
Registering precompiled unity dll's ...
Register platform support module: C:/Program Files/Unity/Hub/Editor/2020.3.7f1/Editor/Data/PlaybackEngines/WebGLSupport/UnityEditor.WebGL.Extensions.dll
Register platform support module: C:/Program Files/Unity/Hub/Editor/2020.3.7f1/Editor/Data/PlaybackEngines/WindowsStandaloneSupport/UnityEditor.WindowsStandalone.Extensions.dll
Registered in 0.002459 seconds.
Native extension for WindowsStandalone target not found
Native extension for WebGL target not found
Refreshing native plugins compatible for Editor in 28.11 ms, found 2 plugins.
Preloading 0 native plugins for Editor in 0.00 ms.
Mono: successfully reloaded assembly
- Completed reload, in  1.694 seconds
Platform modules already initialized, skipping
Registering precompiled user dll's ...
Registered in 0.010918 seconds.
Begin MonoManager ReloadAssembly
Native extension for WindowsStandalone target not found
Native extension for WebGL target not found
Refreshing native plugins compatible for Editor in 28.05 ms, found 2 plugins.
Preloading 0 native plugins for Editor in 0.00 ms.
Mono: successfully reloaded assembly
- Completed reload, in  0.695 seconds
Platform modules already initialized, skipping
========================================================================
Worker process is ready to serve import requests
Launched and connected shader compiler UnityShaderCompiler.exe after 0.04 seconds
Refreshing native plugins compatible for Editor in 0.45 ms, found 2 plugins.
Preloading 0 native plugins for Editor in 0.00 ms.
Unloading 2117 Unused Serialized files (Serialized files now loaded: 0)
System memory in use before: 94.8 MB.
System memory in use after: 94.8 MB.

Unloading 45 unused Assets to reduce memory usage. Loaded Objects now: 2625.
Total: 1.808600 ms (FindLiveObjects: 0.226300 ms CreateObjectMapping: 0.046200 ms MarkObjects: 1.428500 ms  DeleteObjects: 0.106800 ms)

========================================================================
Received Import Request.
  path: Assets/Prefabs/PlayerManager.prefab
  artifactKey: Guid(f22d61f448a8a0246b070e9e47f5917f) Importer(815301076,1909f56bfc062723c751e8b465ee728b)
Start importing Assets/Prefabs/PlayerManager.prefab using Guid(f22d61f448a8a0246b070e9e47f5917f) Importer(815301076,1909f56bfc062723c751e8b465ee728b)  -> (artifact id: '29c587242dbe7a8334e121a12ddb8466') in 0.034926 seconds
  Import took 0.037593 seconds .

========================================================================
Received Prepare
Registering precompiled user dll's ...
Registered in 0.010411 seconds.
Begin MonoManager ReloadAssembly
Native extension for WindowsStandalone target not found
Native extension for WebGL target not found
Refreshing native plugins compatible for Editor in 0.52 ms, found 2 plugins.
Preloading 0 native plugins for Editor in 0.00 ms.
Mono: successfully reloaded assembly
- Completed reload, in  0.660 seconds
Platform modules already initialized, skipping
Refreshing native plugins compatible for Editor in 0.47 ms, found 2 plugins.
Preloading 0 native plugins for Editor in 0.00 ms.
Unloading 2112 Unused Serialized files (Serialized files now loaded: 0)
System memory in use before: 94.8 MB.
System memory in use after: 94.7 MB.

Unloading 33 unused Assets to reduce memory usage. Loaded Objects now: 2629.
Total: 2.179700 ms (FindLiveObjects: 0.241300 ms CreateObjectMapping: 0.044100 ms MarkObjects: 1.800200 ms  DeleteObjects: 0.093000 ms)

========================================================================
Received Import Request.
  Time since last request: 701.955677 seconds.
  path: Assets/Scripts/PlayerManager.cs
  artifactKey: Guid(76bf81ee28c633e47b0ace99727755bd) Importer(815301076,1909f56bfc062723c751e8b465ee728b)
Start importing Assets/Scripts/PlayerManager.cs using Guid(76bf81ee28c633e47b0ace99727755bd) Importer(815301076,1909f56bfc062723c751e8b465ee728b)  -> (artifact id: '76176a7702555f676b54d9192974184e') in 0.022699 seconds
  Import took 0.026324 seconds .

========================================================================
Received Import Request.
  Time since last request: 0.006363 seconds.
  path: Assets/Scripts/PlayerManager.cs
  artifactKey: Guid(76bf81ee28c633e47b0ace99727755bd) Importer(815301076,1909f56bfc062723c751e8b465ee728b)
Start importing Assets/Scripts/PlayerManager.cs using Guid(76bf81ee28c633e47b0ace99727755bd) Importer(815301076,1909f56bfc062723c751e8b465ee728b)  -> (artifact id: '76176a7702555f676b54d9192974184e') in 0.003092 seconds
  Import took 0.005989 seconds .

========================================================================
Received Import Request.
  Time since last request: 176.621833 seconds.
  path: Assets/Scripts/PlayerManager.cs
  artifactKey: Guid(76bf81ee28c633e47b0ace99727755bd) Importer(815301076,1909f56bfc062723c751e8b465ee728b)
Start importing Assets/Scripts/PlayerManager.cs using Guid(76bf81ee28c633e47b0ace99727755bd) Importer(815301076,1909f56bfc062723c751e8b465ee728b)  -> (artifact id: 'a9192deb6c805e6c9df29f1dee2a6ae0') in 0.003688 seconds
  Import took 0.006640 seconds .

========================================================================
Received Import Request.
  Time since last request: 683.806273 seconds.
  path: Assets/Scripts/PlayerManager.cs
  artifactKey: Guid(76bf81ee28c633e47b0ace99727755bd) Importer(815301076,1909f56bfc062723c751e8b465ee728b)
Start importing Assets/Scripts/PlayerManager.cs using Guid(76bf81ee28c633e47b0ace99727755bd) Importer(815301076,1909f56bfc062723c751e8b465ee728b)  -> (artifact id: '56cb981ce4f0695587ea0526c2afb2ff') in 0.003570 seconds
  Import took 0.006924 seconds .

========================================================================
Received Import Request.
  Time since last request: 0.000886 seconds.
  path: Assets/Scripts/PlayerManager.cs
  artifactKey: Guid(76bf81ee28c633e47b0ace99727755bd) Importer(815301076,1909f56bfc062723c751e8b465ee728b)
Start importing Assets/Scripts/PlayerManager.cs using Guid(76bf81ee28c633e47b0ace99727755bd) Importer(815301076,1909f56bfc062723c751e8b465ee728b)  -> (artifact id: '56cb981ce4f0695587ea0526c2afb2ff') in 0.003061 seconds
  Import took 0.005565 seconds .

========================================================================
Received Import Request.
  Time since last request: 214.985954 seconds.
  path: Assets/Scripts/PlayerManager.cs
  artifactKey: Guid(76bf81ee28c633e47b0ace99727755bd) Importer(815301076,1909f56bfc062723c751e8b465ee728b)
Start importing Assets/Scripts/PlayerManager.cs using Guid(76bf81ee28c633e47b0ace99727755bd) Importer(815301076,1909f56bfc062723c751e8b465ee728b)  -> (artifact id: 'd4ffb6631c5a3ed0fa40db7cb12458ae') in 0.003463 seconds
  Import took 0.006374 seconds .

========================================================================
Received Import Request.
  Time since last request: 0.000740 seconds.
  path: Assets/Scripts/PlayerManager.cs
  artifactKey: Guid(76bf81ee28c633e47b0ace99727755bd) Importer(815301076,1909f56bfc062723c751e8b465ee728b)
Start importing Assets/Scripts/PlayerManager.cs using Guid(76bf81ee28c633e47b0ace99727755bd) Importer(815301076,1909f56bfc062723c751e8b465ee728b)  -> (artifact id: 'd4ffb6631c5a3ed0fa40db7cb12458ae') in 0.002862 seconds
  Import took 0.005247 seconds .

AssetImportWorkerClient::OnTransportError - code=2 error=End of file
